  Producents.cpp
C:\Users\marci\OneDrive\Pulpit\c++\password_breaker\password_breaker\Producents.cpp(43,20): warning C4018: "<": niezgodność typu ze znakiem/bez znaku
C:\Users\marci\OneDrive\Pulpit\c++\password_breaker\password_breaker\Producents.cpp(85,21): warning C4018: "<": niezgodność typu ze znakiem/bez znaku
C:\Users\marci\OneDrive\Pulpit\c++\password_breaker\password_breaker\Producents.cpp(113,21): warning C4018: "<": niezgodność typu ze znakiem/bez znaku
C:\Users\marci\OneDrive\Pulpit\c++\password_breaker\password_breaker\Producents.cpp(120,22): warning C4018: "<": niezgodność typu ze znakiem/bez znaku
C:\Users\marci\OneDrive\Pulpit\c++\password_breaker\password_breaker\Producents.cpp(185,20): warning C4018: "<": niezgodność typu ze znakiem/bez znaku
C:\Users\marci\OneDrive\Pulpit\c++\password_breaker\password_breaker\Producents.cpp(226,21): warning C4018: "<": niezgodność typu ze znakiem/bez znaku
C:\Users\marci\OneDrive\Pulpit\c++\password_breaker\password_breaker\Producents.cpp(253,21): warning C4018: "<": niezgodność typu ze znakiem/bez znaku
C:\Users\marci\OneDrive\Pulpit\c++\password_breaker\password_breaker\Producents.cpp(260,22): warning C4018: "<": niezgodność typu ze znakiem/bez znaku
C:\Users\marci\OneDrive\Pulpit\c++\password_breaker\password_breaker\Producents.cpp(326,20): warning C4018: "<": niezgodność typu ze znakiem/bez znaku
C:\Users\marci\OneDrive\Pulpit\c++\password_breaker\password_breaker\Producents.cpp(367,21): warning C4018: "<": niezgodność typu ze znakiem/bez znaku
C:\Users\marci\OneDrive\Pulpit\c++\password_breaker\password_breaker\Producents.cpp(391,16): warning C4018: "<": niezgodność typu ze znakiem/bez znaku
C:\Users\marci\OneDrive\Pulpit\c++\password_breaker\password_breaker\Producents.cpp(394,21): warning C4018: "<": niezgodność typu ze znakiem/bez znaku
C:\Users\marci\OneDrive\Pulpit\c++\password_breaker\password_breaker\Producents.cpp(401,22): warning C4018: "<": niezgodność typu ze znakiem/bez znaku
C:\Users\marci\OneDrive\Pulpit\c++\password_breaker\password_breaker\Producents.cpp(468,20): warning C4018: "<": niezgodność typu ze znakiem/bez znaku
C:\Users\marci\OneDrive\Pulpit\c++\password_breaker\password_breaker\Producents.cpp(470,21): warning C4018: "<": niezgodność typu ze znakiem/bez znaku
C:\Users\marci\OneDrive\Pulpit\c++\password_breaker\password_breaker\Producents.cpp(579,20): warning C4018: "<": niezgodność typu ze znakiem/bez znaku
C:\Users\marci\OneDrive\Pulpit\c++\password_breaker\password_breaker\Producents.cpp(581,21): warning C4018: "<": niezgodność typu ze znakiem/bez znaku
C:\Users\marci\OneDrive\Pulpit\c++\password_breaker\password_breaker\Producents.cpp(692,20): warning C4018: "<": niezgodność typu ze znakiem/bez znaku
C:\Users\marci\OneDrive\Pulpit\c++\password_breaker\password_breaker\Producents.cpp(694,21): warning C4018: "<": niezgodność typu ze znakiem/bez znaku
C:\Users\marci\OneDrive\Pulpit\c++\password_breaker\password_breaker\Producents.cpp(802,21): warning C4018: "<": niezgodność typu ze znakiem/bez znaku
C:\Users\marci\OneDrive\Pulpit\c++\password_breaker\password_breaker\Producents.cpp(804,22): warning C4018: "<": niezgodność typu ze znakiem/bez znaku
  Trwa generowanie kodu
  Previous IPDB and IOBJ mismatch, fall back to full compilation.
  All 444 functions were compiled because no usable IPDB/IOBJ from previous compilation was found.
  Zakończono generowanie kodu
  password_breaker.vcxproj -> C:\Users\marci\OneDrive\Pulpit\c++\password_breaker\Release\password_breaker.exe
